Using pre-set license
Built from '2021.3/staging' branch; Version is '2021.3.21f1 (1b156197d683) revision 1774945'; Using compiler version '192829333'; Build Type 'Release'
OS: 'Windows 10  (10.0.19045) 64bit Professional' Language: 'en' Physical Memory: 7912 MB
BatchMode: 1, IsHumanControllingUs: 0, StartBugReporterOnCrash: 0, Is64bit: 1, IsPro: 1

COMMAND LINE ARGUMENTS:
C:\Program Files\Unity\Hub\Editor\2021.3.21f1\Editor\Unity.exe
-adb2
-batchMode
-noUpm
-name
AssetImportWorker0
-projectPath
C:/Users/samet/OneDrive/Masaüstü/GitHub/HelixJumpClone
-logFile
Logs/AssetImportWorker0.log
-srvPort
61203
Successfully changed project path to: C:/Users/samet/OneDrive/Masaüstü/GitHub/HelixJumpClone
C:/Users/samet/OneDrive/Masaüstü/GitHub/HelixJumpClone
[UnityMemory] Configuration Parameters - Can be set up in boot.config
    "memorysetup-bucket-allocator-granularity=16"
    "memorysetup-bucket-allocator-bucket-count=8"
    "memorysetup-bucket-allocator-block-size=33554432"
    "memorysetup-bucket-allocator-block-count=8"
    "memorysetup-main-allocator-block-size=16777216"
    "memorysetup-thread-allocator-block-size=16777216"
    "memorysetup-gfx-main-allocator-block-size=16777216"
    "memorysetup-gfx-thread-allocator-block-size=16777216"
    "memorysetup-cache-allocator-block-size=4194304"
    "memorysetup-typetree-allocator-block-size=2097152"
    "memorysetup-profiler-bucket-allocator-granularity=16"
    "memorysetup-profiler-bucket-allocator-bucket-count=8"
    "memorysetup-profiler-bucket-allocator-block-size=33554432"
    "memorysetup-profiler-bucket-allocator-block-count=8"
    "memorysetup-profiler-allocator-block-size=16777216"
    "memorysetup-profiler-editor-allocator-block-size=1048576"
    "memorysetup-temp-allocator-size-main=16777216"
    "memorysetup-job-temp-allocator-block-size=2097152"
    "memorysetup-job-temp-allocator-block-size-background=1048576"
    "memorysetup-job-temp-allocator-reduction-small-platforms=262144"
    "memorysetup-temp-allocator-size-background-worker=32768"
    "memorysetup-temp-allocator-size-job-worker=262144"
    "memorysetup-temp-allocator-size-preload-manager=33554432"
    "memorysetup-temp-allocator-size-nav-mesh-worker=65536"
    "memorysetup-temp-allocator-size-audio-worker=65536"
    "memorysetup-temp-allocator-size-cloud-worker=32768"
    "memorysetup-temp-allocator-size-gi-baking-worker=262144"
    "memorysetup-temp-allocator-size-gfx=262144"
Player connection [8428] Host "[IP] 192.168.1.195 [Port] 0 [Flags] 2 [Guid] 1281374817 [EditorId] 1281374817 [Version] 1048832 [Id] WindowsEditor(7,DESKTOP-PI13KKV) [Debug] 1 [PackageName] WindowsEditor [ProjectName] Editor" joined multi-casting on [225.0.0.222:54997]...

Player connection [8428] Host "[IP] 192.168.1.195 [Port] 0 [Flags] 2 [Guid] 1281374817 [EditorId] 1281374817 [Version] 1048832 [Id] WindowsEditor(7,DESKTOP-PI13KKV) [Debug] 1 [PackageName] WindowsEditor [ProjectName] Editor" joined alternative multi-casting on [225.0.0.222:34997]...

Refreshing native plugins compatible for Editor in 123.47 ms, found 3 plugins.
Preloading 0 native plugins for Editor in 0.00 ms.
Initialize engine version: 2021.3.21f1 (1b156197d683)
[Subsystems] Discovering subsystems at path C:/Program Files/Unity/Hub/Editor/2021.3.21f1/Editor/Data/Resources/UnitySubsystems
[Subsystems] Discovering subsystems at path C:/Users/samet/OneDrive/Masaüstü/GitHub/HelixJumpClone/Assets
GfxDevice: creating device client; threaded=0; jobified=0
Direct3D:
    Version:  Direct3D 11.0 [level 11.1]
    Renderer: AMD Radeon (TM) R5 M330 (ID=0x6660)
    Vendor:   ATI
    VRAM:     2039 MB
    Driver:   27.20.1034.6
Initialize mono
Mono path[0] = 'C:/Program Files/Unity/Hub/Editor/2021.3.21f1/Editor/Data/Managed'
Mono path[1] = 'C:/Program Files/Unity/Hub/Editor/2021.3.21f1/Editor/Data/MonoBleedingEdge/lib/mono/unityjit-win32'
Mono config path = 'C:/Program Files/Unity/Hub/Editor/2021.3.21f1/Editor/Data/MonoBleedingEdge/etc'
Using monoOptions --debugger-agent=transport=dt_socket,embedding=1,server=y,suspend=n,address=127.0.0.1:56068
Begin MonoManager ReloadAssembly
Registering precompiled unity dll's ...
Register platform support module: C:/Program Files/Unity/Hub/Editor/2021.3.21f1/Editor/Data/PlaybackEngines/WebGLSupport/UnityEditor.WebGL.Extensions.dll
Register platform support module: C:/Program Files/Unity/Hub/Editor/2021.3.21f1/Editor/Data/PlaybackEngines/AndroidPlayer/UnityEditor.Android.Extensions.dll
Register platform support module: C:/Program Files/Unity/Hub/Editor/2021.3.21f1/Editor/Data/PlaybackEngines/WindowsStandaloneSupport/UnityEditor.WindowsStandalone.Extensions.dll
Registered in 0.018445 seconds.
Native extension for WindowsStandalone target not found
Native extension for Android target not found
Android Extension - Scanning For ADB Devices 491 ms
Native extension for WebGL target not found
Refreshing native plugins compatible for Editor in 158.38 ms, found 3 plugins.
Preloading 0 native plugins for Editor in 0.00 ms.
Mono: successfully reloaded assembly
- Completed reload, in  1.748 seconds
Domain Reload Profiling:
	ReloadAssembly (1749ms)
		BeginReloadAssembly (187ms)
			ExecutionOrderSort (0ms)
			DisableScriptedObjects (0ms)
			BackupInstance (0ms)
			ReleaseScriptingObjects (0ms)
			CreateAndSetChildDomain (1ms)
		EndReloadAssembly (1364ms)
			LoadAssemblies (183ms)
			RebuildTransferFunctionScriptingTraits (0ms)
			SetupTypeCache (170ms)
			ReleaseScriptCaches (0ms)
			RebuildScriptCaches (46ms)
			SetupLoadedEditorAssemblies (1068ms)
				LogAssemblyErrors (0ms)
				InitializePlatformSupportModulesInManaged (600ms)
				SetLoadedEditorAssemblies (0ms)
				RefreshPlugins (159ms)
				BeforeProcessingInitializeOnLoad (2ms)
				ProcessInitializeOnLoadAttributes (205ms)
				ProcessInitializeOnLoadMethodAttributes (102ms)
				AfterProcessingInitializeOnLoad (0ms)
				EditorAssembliesLoaded (0ms)
			ExecutionOrderSort2 (0ms)
			AwakeInstancesAfterBackupRestoration (0ms)
Platform modules already initialized, skipping
Registering precompiled user dll's ...
Registered in 0.013277 seconds.
Begin MonoManager ReloadAssembly
Symbol file LoadedFromMemory doesn't match image C:\Users\samet\OneDrive\Masaüstü\GitHub\HelixJumpClone\Library\PackageCache\com.unity.visualscripting@1.8.0\Editor\VisualScripting.Core\Dependencies\YamlDotNet\Unity.VisualScripting.YamlDotNet.dll
Symbol file LoadedFromMemory doesn't match image C:\Users\samet\OneDrive\Masaüstü\GitHub\HelixJumpClone\Library\PackageCache\com.unity.visualscripting@1.8.0\Editor\VisualScripting.Core\Dependencies\DotNetZip\Unity.VisualScripting.IonicZip.dll
Native extension for WindowsStandalone target not found
Native extension for Android target not found
Native extension for WebGL target not found
Refreshing native plugins compatible for Editor in 0.64 ms, found 3 plugins.
Preloading 0 native plugins for Editor in 0.00 ms.
Mono: successfully reloaded assembly
- Completed reload, in  1.670 seconds
Domain Reload Profiling:
	ReloadAssembly (1671ms)
		BeginReloadAssembly (194ms)
			ExecutionOrderSort (0ms)
			DisableScriptedObjects (8ms)
			BackupInstance (0ms)
			ReleaseScriptingObjects (0ms)
			CreateAndSetChildDomain (30ms)
		EndReloadAssembly (1304ms)
			LoadAssemblies (165ms)
			RebuildTransferFunctionScriptingTraits (0ms)
			SetupTypeCache (469ms)
			ReleaseScriptCaches (1ms)
			RebuildScriptCaches (80ms)
			SetupLoadedEditorAssemblies (542ms)
				LogAssemblyErrors (0ms)
				InitializePlatformSupportModulesInManaged (32ms)
				SetLoadedEditorAssemblies (1ms)
				RefreshPlugins (1ms)
				BeforeProcessingInitializeOnLoad (143ms)
				ProcessInitializeOnLoadAttributes (323ms)
				ProcessInitializeOnLoadMethodAttributes (28ms)
				AfterProcessingInitializeOnLoad (15ms)
				EditorAssembliesLoaded (0ms)
			ExecutionOrderSort2 (0ms)
			AwakeInstancesAfterBackupRestoration (13ms)
Platform modules already initialized, skipping
========================================================================
Worker process is ready to serve import requests
Launched and connected shader compiler UnityShaderCompiler.exe after 0.11 seconds
Refreshing native plugins compatible for Editor in 0.70 ms, found 3 plugins.
Preloading 0 native plugins for Editor in 0.00 ms.
Unloading 3047 Unused Serialized files (Serialized files now loaded: 0)
Unloading 24 unused Assets / (113.4 KB). Loaded Objects now: 3509.
Memory consumption went from 107.5 MB to 107.4 MB.
Total: 10.584500 ms (FindLiveObjects: 0.306700 ms CreateObjectMapping: 0.262900 ms MarkObjects: 9.806600 ms  DeleteObjects: 0.207000 ms)

AssetImportParameters requested are different than current active one (requested -> active):
  custom:video-decoder-ogg-theora: a1e56fd34408186e4bbccfd4996cb3dc -> 
  custom:container-muxer-webm: aa71ff27fc2769a1b78a27578f13a17b -> 
  custom:container-demuxer-webm: 4f35f7cbe854078d1ac9338744f61a02 -> 
  custom:video-encoder-webm-vp8: eb34c28f22e8b96e1ab97ce403110664 -> 
  custom:audio-encoder-webm-vorbis: bf7c407c2cedff20999df2af8eb42d56 -> 
  custom:framework-win-MediaFoundation: 216162199b28c13a410421893ffa2e32 -> 
  custom:container-demuxer-ogg: 62fdf1f143b41e24485cea50d1cbac27 -> 
  custom:video-decoder-webm-vp8: 9c59270c3fd7afecdb556c50c9e8de78 -> 
  custom:audio-decoder-ogg-vorbis: bf7c407c2cedff20999df2af8eb42d56 -> 
========================================================================
Received Import Request.
  Time since last request: 12399.792777 seconds.
  path: Assets
  artifactKey: Guid(00000000000000001000000000000000) Importer(815301076,1909f56bfc062723c751e8b465ee728b)
Start importing Assets using Guid(00000000000000001000000000000000) Importer(815301076,1909f56bfc062723c751e8b465ee728b)  -> (artifact id: '79842766b460edbeab6a34051e857a80') in 0.018666 seconds 
========================================================================
Received Import Request.
  Time since last request: 4.058033 seconds.
  path: Assets/Scripts
  artifactKey: Guid(34031a0da2d1b5f428e80f1e4385334a) Importer(815301076,1909f56bfc062723c751e8b465ee728b)
Start importing Assets/Scripts using Guid(34031a0da2d1b5f428e80f1e4385334a) Importer(815301076,1909f56bfc062723c751e8b465ee728b)  -> (artifact id: '5f34443ecccaa5e47512f7eaddeecf8b') in 0.015361 seconds 
========================================================================
Received Import Request.
  Time since last request: 14.764755 seconds.
  path: Assets/Sprites
  artifactKey: Guid(b8543fc5c629cca4fa15cf7299a1e6f2) Importer(815301076,1909f56bfc062723c751e8b465ee728b)
Start importing Assets/Sprites using Guid(b8543fc5c629cca4fa15cf7299a1e6f2) Importer(815301076,1909f56bfc062723c751e8b465ee728b)  -> (artifact id: '2be605070629b7a3c73571be29ca599a') in 0.012159 seconds 
========================================================================
Received Import Request.
  Time since last request: 537.232077 seconds.
  path: Assets/Meterials
  artifactKey: Guid(ed90fd66c39e58a48a8fe5d2b7b9c700) Importer(815301076,1909f56bfc062723c751e8b465ee728b)
Start importing Assets/Meterials using Guid(ed90fd66c39e58a48a8fe5d2b7b9c700) Importer(815301076,1909f56bfc062723c751e8b465ee728b)  -> (artifact id: '35d22c07e066b1dd62d6c3116b604968') in 0.014886 seconds 
========================================================================
Received Import Request.
  Time since last request: 44.714232 seconds.
  path: Assets/Meterials/Cylinder.mat
  artifactKey: Guid(aa6b5576e8bd26a45a25af195db1a57b) Importer(815301076,1909f56bfc062723c751e8b465ee728b)
Start importing Assets/Meterials/Cylinder.mat using Guid(aa6b5576e8bd26a45a25af195db1a57b) Importer(815301076,1909f56bfc062723c751e8b465ee728b)  -> (artifact id: '8ddda509e8d3071b00fc4f79c3bb69fe') in 0.579009 seconds 
========================================================================
Received Import Request.
  Time since last request: 476.953263 seconds.
  path: Assets/Prefabs
  artifactKey: Guid(0dca5a0261c2da7418853b72a53b4858) Importer(815301076,1909f56bfc062723c751e8b465ee728b)
Start importing Assets/Prefabs using Guid(0dca5a0261c2da7418853b72a53b4858) Importer(815301076,1909f56bfc062723c751e8b465ee728b)  -> (artifact id: 'b3a1667d7c97aa72dd69dcbe99d73fe6') in 0.012782 seconds 
========================================================================
Received Import Request.
  Time since last request: 27091.254672 seconds.
  path: Assets/Sprites/Paint Splash.png
  artifactKey: Guid(9e8cfe114584e9949a3403dbc75f2be3) Importer(815301076,1909f56bfc062723c751e8b465ee728b)
Start importing Assets/Sprites/Paint Splash.png using Guid(9e8cfe114584e9949a3403dbc75f2be3) Importer(815301076,1909f56bfc062723c751e8b465ee728b)  -> (artifact id: '0bbd93385be52eb255d2d5f5080fff70') in 0.056206 seconds 
========================================================================
Received Import Request.
  Time since last request: 2.727255 seconds.
  path: Assets/Sprites/Platform.fbx
  artifactKey: Guid(f5ed9c76018fb56428c643db4c6e5b6e) Importer(815301076,1909f56bfc062723c751e8b465ee728b)
Start importing Assets/Sprites/Platform.fbx using Guid(f5ed9c76018fb56428c643db4c6e5b6e) Importer(815301076,1909f56bfc062723c751e8b465ee728b)  -> (artifact id: 'a239ec43df51f3719cc743b2ed0b2f18') in 0.189769 seconds 
========================================================================
Received Import Request.
  Time since last request: 3.240185 seconds.
  path: Assets/Sprites/Background.png
  artifactKey: Guid(c72ab3a7ba0ebdf4899983222542e1c3) Importer(815301076,1909f56bfc062723c751e8b465ee728b)
Start importing Assets/Sprites/Background.png using Guid(c72ab3a7ba0ebdf4899983222542e1c3) Importer(815301076,1909f56bfc062723c751e8b465ee728b)  -> (artifact id: 'ea4d8e233f2dd37075d3a4a06bb1179e') in 0.017704 seconds 
========================================================================
Received Import Request.
  Time since last request: 370.155312 seconds.
  path: Assets/Sprites/Background.png
  artifactKey: Guid(c72ab3a7ba0ebdf4899983222542e1c3) Importer(815301076,1909f56bfc062723c751e8b465ee728b)
Start importing Assets/Sprites/Background.png using Guid(c72ab3a7ba0ebdf4899983222542e1c3) Importer(815301076,1909f56bfc062723c751e8b465ee728b)  -> (artifact id: 'aee7e576897b7a38fb3452df9f5ed816') in 0.206357 seconds 
========================================================================
Received Import Request.
  Time since last request: 132.039559 seconds.
  path: Assets/Meterials/Cylinder.mat
  artifactKey: Guid(aa6b5576e8bd26a45a25af195db1a57b) Importer(815301076,1909f56bfc062723c751e8b465ee728b)
Start importing Assets/Meterials/Cylinder.mat using Guid(aa6b5576e8bd26a45a25af195db1a57b) Importer(815301076,1909f56bfc062723c751e8b465ee728b)  -> (artifact id: '4f188881470461752ac7c53fd47fd753') in 0.014079 seconds 
========================================================================
Received Import Request.
  Time since last request: 333.340110 seconds.
  path: Assets/Meterials/Safe.mat
  artifactKey: Guid(b884c441615bf754da830004f4dfad5e) Importer(815301076,1909f56bfc062723c751e8b465ee728b)
Start importing Assets/Meterials/Safe.mat using Guid(b884c441615bf754da830004f4dfad5e) Importer(815301076,1909f56bfc062723c751e8b465ee728b)  -> (artifact id: '2d34b16329b73252e3e8e15605b75548') in 0.019199 seconds 
========================================================================
Received Import Request.
  Time since last request: 7.599616 seconds.
  path: Assets/Meterials/Safe Color.mat
  artifactKey: Guid(b884c441615bf754da830004f4dfad5e) Importer(815301076,1909f56bfc062723c751e8b465ee728b)
Start importing Assets/Meterials/Safe Color.mat using Guid(b884c441615bf754da830004f4dfad5e) Importer(815301076,1909f56bfc062723c751e8b465ee728b)  -> (artifact id: 'e8d5181b8cbdd9add960244346bba22a') in 0.012968 seconds 
========================================================================
Received Import Request.
  Time since last request: 823.569332 seconds.
  path: Assets/Meterials/Cylinder.mat
  artifactKey: Guid(aa6b5576e8bd26a45a25af195db1a57b) Importer(815301076,1909f56bfc062723c751e8b465ee728b)
Start importing Assets/Meterials/Cylinder.mat using Guid(aa6b5576e8bd26a45a25af195db1a57b) Importer(815301076,1909f56bfc062723c751e8b465ee728b)  -> (artifact id: 'cc84aeee9b7c6e16e01fc1dcf03158b6') in 0.018043 seconds 
========================================================================
Received Import Request.
  Time since last request: 0.000029 seconds.
  path: Assets/Meterials/Safe Color.mat
  artifactKey: Guid(b884c441615bf754da830004f4dfad5e) Importer(815301076,1909f56bfc062723c751e8b465ee728b)
Start importing Assets/Meterials/Safe Color.mat using Guid(b884c441615bf754da830004f4dfad5e) Importer(815301076,1909f56bfc062723c751e8b465ee728b)  -> (artifact id: 'ff68f8ebb515b03354a6e3799966a876') in 0.012061 seconds 
========================================================================
Received Import Request.
  Time since last request: 5.603952 seconds.
  path: Assets/Meterials/Ball.mat
  artifactKey: Guid(aae4294b73901214684164f9675c5fdc) Importer(815301076,1909f56bfc062723c751e8b465ee728b)
Start importing Assets/Meterials/Ball.mat using Guid(aae4294b73901214684164f9675c5fdc) Importer(815301076,1909f56bfc062723c751e8b465ee728b)  -> (artifact id: '6f841214c7e1a2c74a2bea78b941ab60') in 0.015569 seconds 
========================================================================
Received Import Request.
  Time since last request: 11.188447 seconds.
  path: Assets/Meterials/Unsafe Color.mat
  artifactKey: Guid(d4ef2a95604644d4899fa4339254bb63) Importer(815301076,1909f56bfc062723c751e8b465ee728b)
Start importing Assets/Meterials/Unsafe Color.mat using Guid(d4ef2a95604644d4899fa4339254bb63) Importer(815301076,1909f56bfc062723c751e8b465ee728b)  -> (artifact id: '0c7f7f92ba2f20d014b36c9ec39b26fc') in 0.014603 seconds 
========================================================================
Received Import Request.
  Time since last request: 121.301070 seconds.
  path: Assets/Meterials/Ball.mat
  artifactKey: Guid(aae4294b73901214684164f9675c5fdc) Importer(815301076,1909f56bfc062723c751e8b465ee728b)
Start importing Assets/Meterials/Ball.mat using Guid(aae4294b73901214684164f9675c5fdc) Importer(815301076,1909f56bfc062723c751e8b465ee728b)  -> (artifact id: '7f7764b06e08f61b3be08df4cbcae400') in 0.026913 seconds 
========================================================================
Received Import Request.
  Time since last request: 0.000049 seconds.
  path: Assets/Meterials/Unsafe Color.mat
  artifactKey: Guid(d4ef2a95604644d4899fa4339254bb63) Importer(815301076,1909f56bfc062723c751e8b465ee728b)
Start importing Assets/Meterials/Unsafe Color.mat using Guid(d4ef2a95604644d4899fa4339254bb63) Importer(815301076,1909f56bfc062723c751e8b465ee728b)  -> (artifact id: 'f739b7af8374817bb01c5d005c802d86') in 0.026259 seconds 
